  bot.c
<<<<<<< Updated upstream
=======
C:\Program Files (x86)\Windows Kits\10\Include\10.0.22621.0\shared\minwindef.h(130,9): warning C4005: APIENTRY: изменение макроопределения
  (компиляция исходного файла "bot.c")
      C:\Users\mishk\Documents\Visual Studio 2022\libraries\glfw-3.4.bin.WIN64\include\GLFW\glfw3.h(123,11):
      см. предыдущее определение "APIENTRY"
  
C:\Users\mishk\source\repos\Checkers for windows\Checkers for windows\bot.c(29,13): warning C4013: WouldBeUnderThreatAfterMove: нет определения; предполагается "extern" с возвратом типа "int"
C:\Users\mishk\source\repos\Checkers for windows\Checkers for windows\bot.c(32,13): warning C4013: OpponentUnderThreatAfterMove: нет определения; предполагается "extern" с возвратом типа "int"
C:\Users\mishk\source\repos\Checkers for windows\Checkers for windows\bot.c(44,11): warning C4244: функция: преобразование "time_t" в "unsigned int", возможна потеря данных
C:\Users\mishk\source\repos\Checkers for windows\Checkers for windows\bot.c(83,11): warning C4244: функция: преобразование "time_t" в "unsigned int", возможна потеря данных
C:\Users\mishk\source\repos\Checkers for windows\Checkers for windows\bot.c(84,9): warning C4101: score: неиспользованная локальная переменная
C:\Users\mishk\source\repos\Checkers for windows\Checkers for windows\bot.c(156,24): warning C4013: WouldBeUnderThreat: нет определения; предполагается "extern" с возвратом типа "int"
C:\Users\mishk\source\repos\Checkers for windows\Checkers for windows\bot.c(199,24): warning C4013: OpponentUnderThreat: нет определения; предполагается "extern" с возвратом типа "int"
  main.c
>>>>>>> Stashed changes
C:\Program Files (x86)\Windows Kits\10\Include\10.0.22621.0\shared\minwindef.h(130,9): warning C4005: APIENTRY: изменение макроопределения
  (компиляция исходного файла "bot.c")
      C:\Users\mishk\Documents\Visual Studio 2022\libraries\glfw-3.4.bin.WIN64\include\GLFW\glfw3.h(123,11):
      см. предыдущее определение "APIENTRY"
  
<<<<<<< Updated upstream
C:\Users\mishk\source\repos\Checkers for windows\Checkers for windows\bot.c(29,13): warning C4013: WouldBeUnderThreatAfterMove: нет определения; предполагается "extern" с возвратом типа "int"
C:\Users\mishk\source\repos\Checkers for windows\Checkers for windows\bot.c(32,13): warning C4013: OpponentUnderThreatAfterMove: нет определения; предполагается "extern" с возвратом типа "int"
C:\Users\mishk\source\repos\Checkers for windows\Checkers for windows\bot.c(44,11): warning C4244: функция: преобразование "time_t" в "unsigned int", возможна потеря данных
C:\Users\mishk\source\repos\Checkers for windows\Checkers for windows\bot.c(83,11): warning C4244: функция: преобразование "time_t" в "unsigned int", возможна потеря данных
C:\Users\mishk\source\repos\Checkers for windows\Checkers for windows\bot.c(84,9): warning C4101: score: неиспользованная локальная переменная
C:\Users\mishk\source\repos\Checkers for windows\Checkers for windows\bot.c(156,24): warning C4013: WouldBeUnderThreat: нет определения; предполагается "extern" с возвратом типа "int"
C:\Users\mishk\source\repos\Checkers for windows\Checkers for windows\bot.c(199,24): warning C4013: OpponentUnderThreat: нет определения; предполагается "extern" с возвратом типа "int"
=======
C:\Users\mishk\source\repos\Checkers for windows\Checkers for windows\main.c(100,19): warning C4305: функция: усечение из "double" в "GLfloat"
C:\Users\mishk\source\repos\Checkers for windows\Checkers for windows\main.c(100,27): warning C4305: функция: усечение из "double" в "GLfloat"
C:\Users\mishk\source\repos\Checkers for windows\Checkers for windows\main.c(100,33): warning C4305: функция: усечение из "double" в "GLfloat"
C:\Users\mishk\source\repos\Checkers for windows\Checkers for windows\main.c(107,28): warning C4244: =: преобразование "double" в "float", возможна потеря данных
C:\Users\mishk\source\repos\Checkers for windows\Checkers for windows\main.c(108,28): warning C4244: =: преобразование "double" в "float", возможна потеря данных
C:\Users\mishk\source\repos\Checkers for windows\Checkers for windows\main.c(117,19): warning C4305: функция: усечение из "double" в "GLfloat"
C:\Users\mishk\source\repos\Checkers for windows\Checkers for windows\main.c(117,25): warning C4305: функция: усечение из "double" в "GLfloat"
C:\Users\mishk\source\repos\Checkers for windows\Checkers for windows\main.c(117,31): warning C4305: функция: усечение из "double" в "GLfloat"
C:\Users\mishk\source\repos\Checkers for windows\Checkers for windows\main.c(95,15): warning C4305: инициализация: усечение из "double" в "float"
C:\Users\mishk\source\repos\Checkers for windows\Checkers for windows\main.c(96,24): warning C4244: инициализация: преобразование "double" в "float", возможна потеря данных
C:\Users\mishk\source\repos\Checkers for windows\Checkers for windows\main.c(215,18): warning C4305: функция: усечение из "double" в "GLfloat"
C:\Users\mishk\source\repos\Checkers for windows\Checkers for windows\main.c(215,33): warning C4305: функция: усечение из "double" в "GLfloat"
C:\Users\mishk\source\repos\Checkers for windows\Checkers for windows\main.c(221,26): warning C4244: функция: преобразование "int" в "GLfloat", возможна потеря данных
C:\Users\mishk\source\repos\Checkers for windows\Checkers for windows\main.c(221,29): warning C4244: функция: преобразование "int" в "GLfloat", возможна потеря данных
C:\Users\mishk\source\repos\Checkers for windows\Checkers for windows\main.c(252,10): warning C4013: HasValidCaptures: нет определения; предполагается "extern" с возвратом типа "int"
C:\Users\mishk\source\repos\Checkers for windows\Checkers for windows\main.c(395,55): warning C4013: HasValidCapturesFrom: нет определения; предполагается "extern" с возвратом типа "int"
C:\Users\mishk\source\repos\Checkers for windows\Checkers for windows\main.c(468,24): warning C4133: =: несовместимые типы - из "char [9]" в "LPCWSTR"
C:\Users\mishk\source\repos\Checkers for windows\Checkers for windows\main.c(477,9): warning C4133: функция: несовместимые типы - из "char [9]" в "LPCWSTR"
C:\Users\mishk\source\repos\Checkers for windows\Checkers for windows\main.c(478,9): warning C4133: функция: несовместимые типы - из "char [1]" в "LPCWSTR"
C:\Users\mishk\source\repos\Checkers for windows\Checkers for windows\main.c(556,15): warning C4244: return: преобразование "WPARAM" в "int", возможна потеря данных
  Создание кода...
>>>>>>> Stashed changes
  Checkers for windows.vcxproj -> C:\Users\mishk\source\repos\Checkers for windows\x64\Debug\Checkers for windows.exe
